<?xml version="1.0" encoding="UTF-8"?>
<!-- Generated by org.testng.reporters.JUnitReportReporter -->
<testsuite skipped="0" hostname="DESKTOP-85T0HMG" name="Mail.a" tests="4" failures="0" timestamp="2020-08-17T17:00:34 CST" time="1.184" errors="0">
  <testcase name="c" time="0.059" classname="Mail.a"/>
  <system-out/>
  <testcase name="a" time="1.024" classname="Mail.a"/>
  <system-out/>
  <testcase name="b" time="0.043" classname="Mail.a"/>
  <system-out/>
  <testcase name="d" time="0.058" classname="Mail.a"/>
  <system-out/>
</testsuite> <!-- Mail.a -->
