<?xml version="1.0" encoding="UTF-8"?>
<!-- Generated by org.testng.reporters.JUnitReportReporter -->
<testsuite skipped="0" hostname="DESKTOP-85T0HMG" name="Mail.b" tests="4" failures="0" timestamp="2020-08-17T17:03:39 CST" time="1.367" errors="0">
  <testcase name="d" time="0.036" classname="Mail.b"/>
  <system-out/>
  <testcase name="a" time="1.225" classname="Mail.b"/>
  <system-out/>
  <testcase name="b" time="0.061" classname="Mail.b"/>
  <system-out/>
  <testcase name="c" time="0.045" classname="Mail.b"/>
  <system-out/>
</testsuite> <!-- Mail.b -->
